{
  "RSpec": {
    "coverage": {
      "/home/kasia/RubymineProjects/levelup-train/lecture_5/homework/app/models/building.rb": [
        null,
        null,
        1,
        1,
        null,
        1,
        null,
        null,
        1,
        null,
        null
      ],
      "/home/kasia/RubymineProjects/levelup-train/lecture_5/homework/app/models/application_record.rb": [
        null,
        null,
        1,
        1,
        null
      ],
      "/home/kasia/RubymineProjects/levelup-train/lecture_5/homework/app/models/clan.rb": [
        null,
        null,
        1,
        1,
        1,
        null
      ],
      "/home/kasia/RubymineProjects/levelup-train/lecture_5/homework/app/models/mercenary.rb": [
        null,
        null,
        1,
        1,
        null,
        1,
        1,
        1,
        1,
        1,
        null,
        1,
        null,
        1,
        1,
        null
      ],
      "/home/kasia/RubymineProjects/levelup-train/lecture_5/homework/app/models/weapon.rb": [
        null,
        null,
        1,
        1,
        null,
        1,
        null,
        1,
        1,
        1,
        null,
        1,
        null,
        1,
        null,
        1,
        14,
        0,
        null,
        0,
        null,
        null
      ],
      "/home/kasia/RubymineProjects/levelup-train/lecture_5/homework/app/models/warrior.rb": [
        null,
        null,
        1,
        1,
        1,
        1,
        1,
        null,
        23,
        1,
        null,
        null,
        1,
        null,
        5,
        1,
        null
      ],
      "/home/kasia/RubymineProjects/levelup-train/lecture_5/homework/app/services/reports/siege_report.rb": [
        null,
        null,
        1,
        1,
        1,
        null,
        1,
        4,
        null,
        null,
        1,
        4,
        null,
        null,
        1,
        null,
        1,
        4,
        null,
        null,
        1,
        3,
        null,
        null,
        1,
        3,
        null,
        null,
        1,
        3,
        null,
        null,
        1,
        3,
        null,
        null,
        1,
        3,
        null,
        null,
        null
      ],
      "/home/kasia/RubymineProjects/levelup-train/lecture_5/homework/app/models/warriors/samurai.rb": [
        null,
        null,
        1,
        1,
        1,
        null,
        1,
        0,
        null,
        null,
        null
      ],
      "/home/kasia/RubymineProjects/levelup-train/lecture_5/homework/app/controllers/buildings_controller.rb": [
        null,
        null,
        1,
        1,
        2,
        null,
        null,
        1,
        1,
        null,
        null,
        1,
        null,
        1,
        1,
        null,
        null
      ],
      "/home/kasia/RubymineProjects/levelup-train/lecture_5/homework/app/controllers/application_controller.rb": [
        null,
        null,
        1,
        1,
        null
      ],
      "/home/kasia/RubymineProjects/levelup-train/lecture_5/homework/app/controllers/concerns/errors_handler.rb": [
        null,
        null,
        1,
        1,
        null,
        1,
        1,
        2,
        null,
        null,
        1,
        0,
        null,
        null,
        null
      ],
      "/home/kasia/RubymineProjects/levelup-train/lecture_5/homework/app/models/buildings/stronghold.rb": [
        null,
        null,
        1,
        1,
        null,
        null
      ],
      "/home/kasia/RubymineProjects/levelup-train/lecture_5/homework/app/serializers/building_serializer.rb": [
        null,
        null,
        1,
        1,
        1,
        null
      ],
      "/home/kasia/RubymineProjects/levelup-train/lecture_5/homework/app/controllers/clans_controller.rb": [
        null,
        null,
        1,
        1,
        2,
        null,
        null,
        1,
        1,
        null,
        null,
        1,
        3,
        1,
        null,
        null,
        1,
        null,
        1,
        1,
        null,
        null,
        1,
        3,
        null,
        null
      ],
      "/home/kasia/RubymineProjects/levelup-train/lecture_5/homework/app/serializers/clan_serializer.rb": [
        null,
        null,
        1,
        1,
        null,
        1,
        null
      ],
      "/home/kasia/RubymineProjects/levelup-train/lecture_5/homework/app/queries/buildings/buildings_query.rb": [
        null,
        null,
        1,
        1,
        1,
        3,
        null,
        null,
        1,
        3,
        null,
        null,
        null
      ],
      "/home/kasia/RubymineProjects/levelup-train/lecture_5/homework/app/models/warriors/hussar.rb": [
        null,
        null,
        1,
        1,
        1,
        null,
        1,
        0,
        null,
        null,
        null
      ],
      "/home/kasia/RubymineProjects/levelup-train/lecture_5/homework/app/serializers/weapon_serializer.rb": [
        null,
        null,
        0,
        0,
        null,
        0,
        0
      ],
      "/home/kasia/RubymineProjects/levelup-train/lecture_5/homework/app/serializers/warrior_serializer.rb": [
        null,
        null,
        0,
        0,
        0,
        null,
        0,
        0,
        0,
        0
      ],
      "/home/kasia/RubymineProjects/levelup-train/lecture_5/homework/app/models/weapons/katana.rb": [
        null,
        null,
        0,
        0,
        0,
        null,
        0,
        0,
        0,
        0,
        0
      ],
      "/home/kasia/RubymineProjects/levelup-train/lecture_5/homework/app/models/weapons/musket.rb": [
        null,
        null,
        0,
        0,
        0,
        null,
        0,
        0,
        0,
        0,
        0
      ],
      "/home/kasia/RubymineProjects/levelup-train/lecture_5/homework/app/models/buildings/walls.rb": [
        null,
        null,
        0,
        0,
        0,
        0
      ],
      "/home/kasia/RubymineProjects/levelup-train/lecture_5/homework/app/channels/application_cable/connection.rb": [
        null,
        null,
        0,
        0,
        0,
        0
      ],
      "/home/kasia/RubymineProjects/levelup-train/lecture_5/homework/app/channels/application_cable/channel.rb": [
        null,
        null,
        0,
        0,
        0,
        0
      ],
      "/home/kasia/RubymineProjects/levelup-train/lecture_5/homework/app/mailers/application_mailer.rb": [
        null,
        null,
        0,
        0,
        0,
        0
      ],
      "/home/kasia/RubymineProjects/levelup-train/lecture_5/homework/app/controllers/clans/warriors_controller.rb": [
        null,
        null,
        0,
        0,
        0,
        0,
        0,
        null,
        0,
        0,
        null,
        0,
        0,
        0,
        0,
        0,
        0,
        0,
        0,
        0,
        0,
        null,
        0,
        0,
        null,
        0,
        0,
        null,
        0,
        0,
        null,
        0,
        0,
        null,
        0,
        0,
        0,
        null,
        0,
        null,
        0,
        0,
        0,
        null,
        0,
        0,
        0,
        null,
        0,
        0,
        0,
        0,
        0
      ],
      "/home/kasia/RubymineProjects/levelup-train/lecture_5/homework/app/jobs/application_job.rb": [
        null,
        null,
        0,
        0
      ]
    },
    "timestamp": 1560099926
  }
}
